17:39:33 DEBUG [akka://coffee-house-system/user/coffee-house] - CoffeeHouse Open
17:39:33 WARN  [com.lightbend.training.coffeehouse.CoffeeHouseApp(akka://coffee-house-system)] - CoffeeHouseApp running
Enter [34mcommands[0m into the terminal: [34m[e.g. `q` or `quit`][0m
17:46:55 DEBUG [akka://coffee-house-system/user/coffee-house] - CoffeeHouse Open
17:46:55 WARN  [com.lightbend.training.coffeehouse.CoffeeHouseApp(akka://coffee-house-system)] - CoffeeHouseApp running
Enter [34mcommands[0m into the terminal: [34m[e.g. `q` or `quit`][0m
17:46:55 INFO  [akka://coffee-house-system/user/coffee-house] - Coffee Brewing
17:53:14 DEBUG [akka://coffee-house-system/user/coffee-house] - CoffeeHouse Open
17:53:14 WARN  [com.lightbend.training.coffeehouse.CoffeeHouseApp(akka://coffee-house-system)] - CoffeeHouseApp running
Enter [34mcommands[0m into the terminal: [34m[e.g. `q` or `quit`][0m
17:53:14 INFO  [com.lightbend.training.coffeehouse.CoffeeHouseApp(akka://coffee-house-system)] - Coffee Brewing
15:28:41 DEBUG [akka://coffee-house-system/user/coffee-house] - CoffeeHouse Open
15:28:41 WARN  [com.lightbend.training.coffeehouse.CoffeeHouseApp(akka://coffee-house-system)] - CoffeeHouseApp running
Enter [34mcommands[0m into the terminal: [34m[e.g. `q` or `quit`][0m
15:28:41 INFO  [akka://coffee-house-system/user/coffee-house] - Message [java.lang.String] from Actor[akka://coffee-house-system/user/$a#-1963759194] to Actor[akka://coffee-house-system/user/coffee-house#-279095941] was unhandled. [1] dead letters encountered. This logging can be turned off or adjusted with configuration settings 'akka.log-dead-letters' and 'akka.log-dead-letters-during-shutdown'.
15:29:43 WARN  [com.lightbend.training.coffeehouse.CoffeeHouseApp(akka://coffee-house-system)] - Unknown command 5!
15:33:06 DEBUG [akka://coffee-house-system/user/coffee-house] - CoffeeHouse Open
15:33:06 WARN  [com.lightbend.training.coffeehouse.CoffeeHouseApp(akka://coffee-house-system)] - CoffeeHouseApp running
Enter [34mcommands[0m into the terminal: [34m[e.g. `q` or `quit`][0m
18:26:43 DEBUG [akka://coffee-house-system/user/coffee-house] - CoffeeHouse Open
18:26:43 WARN  [com.lightbend.training.coffeehouse.CoffeeHouseApp(akka://coffee-house-system)] - CoffeeHouseApp running
Enter [34mcommands[0m into the terminal: [34m[e.g. `q` or `quit`][0m
18:40:34 DEBUG [akka://coffee-house-system/user/coffee-house] - CoffeeHouse Open
18:40:34 WARN  [com.lightbend.training.coffeehouse.CoffeeHouseApp(akka://coffee-house-system)] - CoffeeHouseApp running
Enter [34mcommands[0m into the terminal: [34m[e.g. `q` or `quit`][0m
13:20:00 DEBUG [akka://coffee-house-system/user/coffee-house] - CoffeeHouse Open
13:20:00 WARN  [com.lightbend.training.coffeehouse.CoffeeHouseApp(akka://coffee-house-system)] - CoffeeHouseApp running
Enter [34mcommands[0m into the terminal: [34m[e.g. `q` or `quit`][0m
13:20:07 INFO  [akka://coffee-house-system/user/coffee-house/$a] - Enjoying my 1 yummy Akkaccino
13:20:11 INFO  [akka://coffee-house-system/user/coffee-house/$a] - Enjoying my 2 yummy Akkaccino
13:20:15 INFO  [akka://coffee-house-system/user/coffee-house/$a] - Enjoying my 3 yummy Akkaccino
13:20:19 INFO  [akka://coffee-house-system/user/coffee-house/$a] - Enjoying my 4 yummy Akkaccino
13:20:23 INFO  [akka://coffee-house-system/user/coffee-house/$a] - Enjoying my 5 yummy Akkaccino
13:20:27 INFO  [akka://coffee-house-system/user/coffee-house/$a] - Enjoying my 6 yummy Akkaccino
13:20:31 INFO  [akka://coffee-house-system/user/coffee-house/$a] - Enjoying my 7 yummy Akkaccino
13:20:35 INFO  [akka://coffee-house-system/user/coffee-house/$a] - Enjoying my 8 yummy Akkaccino
13:20:39 INFO  [akka://coffee-house-system/user/coffee-house/$a] - Enjoying my 9 yummy Akkaccino
13:20:43 INFO  [akka://coffee-house-system/user/coffee-house/$a] - Enjoying my 10 yummy Akkaccino
13:20:46 INFO  [akka://coffee-house-system/user/coffee-house/$b] - Enjoying my 1 yummy Akkaccino
13:20:48 INFO  [akka://coffee-house-system/user/coffee-house/$a] - Enjoying my 11 yummy Akkaccino
13:20:50 INFO  [akka://coffee-house-system/user/coffee-house/$c] - Enjoying my 1 yummy Akkaccino
13:20:52 INFO  [akka://coffee-house-system/user/coffee-house/$b] - Enjoying my 2 yummy Akkaccino
13:20:54 INFO  [akka://coffee-house-system/user/coffee-house/$a] - Enjoying my 12 yummy Akkaccino
13:20:56 INFO  [akka://coffee-house-system/user/coffee-house/$c] - Enjoying my 2 yummy Akkaccino
13:20:58 INFO  [akka://coffee-house-system/user/coffee-house/$b] - Enjoying my 3 yummy Akkaccino
13:21:00 INFO  [akka://coffee-house-system/user/coffee-house/$a] - Enjoying my 13 yummy Akkaccino
13:21:02 INFO  [akka://coffee-house-system/user/coffee-house/$c] - Enjoying my 3 yummy Akkaccino
13:21:04 INFO  [akka://coffee-house-system/user/coffee-house/$b] - Enjoying my 4 yummy Akkaccino
13:21:06 INFO  [akka://coffee-house-system/user/coffee-house/$a] - Enjoying my 14 yummy Akkaccino
13:21:08 INFO  [akka://coffee-house-system/user/coffee-house/$c] - Enjoying my 4 yummy Akkaccino
13:21:10 INFO  [akka://coffee-house-system/user/coffee-house/$b] - Enjoying my 5 yummy Akkaccino
13:21:12 INFO  [akka://coffee-house-system/user/coffee-house/$a] - Enjoying my 15 yummy Akkaccino
13:21:14 INFO  [akka://coffee-house-system/user/coffee-house/$c] - Enjoying my 5 yummy Akkaccino
13:21:16 INFO  [akka://coffee-house-system/user/coffee-house/$b] - Enjoying my 6 yummy Akkaccino
13:21:18 INFO  [akka://coffee-house-system/user/coffee-house/$a] - Enjoying my 16 yummy Akkaccino
13:21:20 INFO  [akka://coffee-house-system/user/coffee-house/$c] - Enjoying my 6 yummy Akkaccino
13:21:22 INFO  [akka://coffee-house-system/user/coffee-house/$b] - Enjoying my 7 yummy Akkaccino
13:21:24 INFO  [akka://coffee-house-system/user/coffee-house/$a] - Enjoying my 17 yummy Akkaccino
13:21:26 INFO  [akka://coffee-house-system/user/coffee-house/$c] - Enjoying my 7 yummy Akkaccino
13:21:28 INFO  [akka://coffee-house-system/user/coffee-house/$b] - Enjoying my 8 yummy Akkaccino
13:21:30 INFO  [akka://coffee-house-system/user/coffee-house/$a] - Enjoying my 18 yummy Akkaccino
13:21:32 INFO  [akka://coffee-house-system/user/coffee-house/$c] - Enjoying my 8 yummy Akkaccino
13:21:34 INFO  [akka://coffee-house-system/user/coffee-house/$b] - Enjoying my 9 yummy Akkaccino
13:21:36 INFO  [akka://coffee-house-system/user/coffee-house/$a] - Enjoying my 19 yummy Akkaccino
13:21:38 INFO  [akka://coffee-house-system/user/coffee-house/$c] - Enjoying my 9 yummy Akkaccino
13:21:40 INFO  [akka://coffee-house-system/user/coffee-house/$b] - Enjoying my 10 yummy Akkaccino
13:21:42 INFO  [akka://coffee-house-system/user/coffee-house/$a] - Enjoying my 20 yummy Akkaccino
13:21:44 INFO  [akka://coffee-house-system/user/coffee-house/$c] - Enjoying my 10 yummy Akkaccino
13:21:46 INFO  [akka://coffee-house-system/user/coffee-house/$b] - Enjoying my 11 yummy Akkaccino
13:21:48 INFO  [akka://coffee-house-system/user/coffee-house/$a] - Enjoying my 21 yummy Akkaccino
13:21:50 INFO  [akka://coffee-house-system/user/coffee-house/$c] - Enjoying my 11 yummy Akkaccino
13:21:52 INFO  [akka://coffee-house-system/user/coffee-house/$b] - Enjoying my 12 yummy Akkaccino
13:21:54 INFO  [akka://coffee-house-system/user/coffee-house/$a] - Enjoying my 22 yummy Akkaccino
13:21:56 INFO  [akka://coffee-house-system/user/coffee-house/$c] - Enjoying my 12 yummy Akkaccino
13:21:58 INFO  [akka://coffee-house-system/user/coffee-house/$b] - Enjoying my 13 yummy Akkaccino
13:22:00 INFO  [akka://coffee-house-system/user/coffee-house/$a] - Enjoying my 23 yummy Akkaccino
13:22:02 INFO  [akka://coffee-house-system/user/coffee-house/$c] - Enjoying my 13 yummy Akkaccino
13:22:04 INFO  [akka://coffee-house-system/user/coffee-house/$b] - Enjoying my 14 yummy Akkaccino
13:22:06 INFO  [akka://coffee-house-system/user/coffee-house/$a] - Enjoying my 24 yummy Akkaccino
13:22:08 INFO  [akka://coffee-house-system/user/coffee-house/$c] - Enjoying my 14 yummy Akkaccino
13:22:10 INFO  [akka://coffee-house-system/user/coffee-house/$b] - Enjoying my 15 yummy Akkaccino
13:22:12 INFO  [akka://coffee-house-system/user/coffee-house/$a] - Enjoying my 25 yummy Akkaccino
13:22:14 INFO  [akka://coffee-house-system/user/coffee-house/$c] - Enjoying my 15 yummy Akkaccino
13:22:16 INFO  [akka://coffee-house-system/user/coffee-house/$b] - Enjoying my 16 yummy Akkaccino
13:22:18 INFO  [akka://coffee-house-system/user/coffee-house/$a] - Enjoying my 26 yummy Akkaccino
13:22:20 INFO  [akka://coffee-house-system/user/coffee-house/$c] - Enjoying my 16 yummy Akkaccino
13:22:22 INFO  [akka://coffee-house-system/user/coffee-house/$b] - Enjoying my 17 yummy Akkaccino
13:22:24 INFO  [akka://coffee-house-system/user/coffee-house/$a] - Enjoying my 27 yummy Akkaccino
13:22:26 INFO  [akka://coffee-house-system/user/coffee-house/$c] - Enjoying my 17 yummy Akkaccino
13:22:28 INFO  [akka://coffee-house-system/user/coffee-house/$b] - Enjoying my 18 yummy Akkaccino
13:22:30 INFO  [akka://coffee-house-system/user/coffee-house/$a] - Enjoying my 28 yummy Akkaccino
13:22:32 INFO  [akka://coffee-house-system/user/coffee-house/$c] - Enjoying my 18 yummy Akkaccino
13:22:34 INFO  [akka://coffee-house-system/user/coffee-house/$b] - Enjoying my 19 yummy Akkaccino
13:22:36 INFO  [akka://coffee-house-system/user/coffee-house/$a] - Enjoying my 29 yummy Akkaccino
13:22:38 INFO  [akka://coffee-house-system/user/coffee-house/$c] - Enjoying my 19 yummy Akkaccino
13:22:40 INFO  [akka://coffee-house-system/user/coffee-house/$b] - Enjoying my 20 yummy Akkaccino
13:22:42 INFO  [akka://coffee-house-system/user/coffee-house/$a] - Enjoying my 30 yummy Akkaccino
13:22:44 INFO  [akka://coffee-house-system/user/coffee-house/$c] - Enjoying my 20 yummy Akkaccino
13:22:46 INFO  [akka://coffee-house-system/user/coffee-house/$b] - Enjoying my 21 yummy Akkaccino
13:22:48 INFO  [akka://coffee-house-system/user/coffee-house/$a] - Enjoying my 31 yummy Akkaccino
13:22:50 INFO  [akka://coffee-house-system/user/coffee-house/$c] - Enjoying my 21 yummy Akkaccino
13:22:52 INFO  [akka://coffee-house-system/user/coffee-house/$b] - Enjoying my 22 yummy Akkaccino
13:22:54 INFO  [akka://coffee-house-system/user/coffee-house/$a] - Enjoying my 32 yummy Akkaccino
13:22:56 INFO  [akka://coffee-house-system/user/coffee-house/$c] - Enjoying my 22 yummy Akkaccino
13:22:58 INFO  [akka://coffee-house-system/user/coffee-house/$b] - Enjoying my 23 yummy Akkaccino
13:23:00 INFO  [akka://coffee-house-system/user/coffee-house/$a] - Enjoying my 33 yummy Akkaccino
13:23:02 INFO  [akka://coffee-house-system/user/coffee-house/$c] - Enjoying my 23 yummy Akkaccino
13:23:04 INFO  [akka://coffee-house-system/user/coffee-house/$b] - Enjoying my 24 yummy Akkaccino
13:23:06 INFO  [akka://coffee-house-system/user/coffee-house/$a] - Enjoying my 34 yummy Akkaccino
13:23:08 INFO  [akka://coffee-house-system/user/coffee-house/$c] - Enjoying my 24 yummy Akkaccino
13:23:10 INFO  [akka://coffee-house-system/user/coffee-house/$b] - Enjoying my 25 yummy Akkaccino
13:23:12 INFO  [akka://coffee-house-system/user/coffee-house/$a] - Enjoying my 35 yummy Akkaccino
13:23:14 INFO  [akka://coffee-house-system/user/coffee-house/$c] - Enjoying my 25 yummy Akkaccino
13:23:16 INFO  [akka://coffee-house-system/user/coffee-house/$b] - Enjoying my 26 yummy Akkaccino
13:23:18 INFO  [akka://coffee-house-system/user/coffee-house/$a] - Enjoying my 36 yummy Akkaccino
13:23:20 INFO  [akka://coffee-house-system/user/coffee-house/$c] - Enjoying my 26 yummy Akkaccino
13:23:22 INFO  [akka://coffee-house-system/user/coffee-house/$b] - Enjoying my 27 yummy Akkaccino
13:23:24 INFO  [akka://coffee-house-system/user/coffee-house/$a] - Enjoying my 37 yummy Akkaccino
13:23:26 INFO  [akka://coffee-house-system/user/coffee-house/$c] - Enjoying my 27 yummy Akkaccino
13:23:28 INFO  [akka://coffee-house-system/user/coffee-house/$b] - Enjoying my 28 yummy Akkaccino
13:23:30 INFO  [akka://coffee-house-system/user/coffee-house/$a] - Enjoying my 38 yummy Akkaccino
13:23:32 INFO  [akka://coffee-house-system/user/coffee-house/$c] - Enjoying my 28 yummy Akkaccino
13:23:34 INFO  [akka://coffee-house-system/user/coffee-house/$b] - Enjoying my 29 yummy Akkaccino
13:23:36 INFO  [akka://coffee-house-system/user/coffee-house/$a] - Enjoying my 39 yummy Akkaccino
13:23:38 INFO  [akka://coffee-house-system/user/coffee-house/$c] - Enjoying my 29 yummy Akkaccino
13:23:40 INFO  [akka://coffee-house-system/user/coffee-house/$b] - Enjoying my 30 yummy Akkaccino
13:23:42 INFO  [akka://coffee-house-system/user/coffee-house/$a] - Enjoying my 40 yummy Akkaccino
13:23:44 INFO  [akka://coffee-house-system/user/coffee-house/$c] - Enjoying my 30 yummy Akkaccino
13:23:46 INFO  [akka://coffee-house-system/user/coffee-house/$b] - Enjoying my 31 yummy Akkaccino
13:23:48 INFO  [akka://coffee-house-system/user/coffee-house/$a] - Enjoying my 41 yummy Akkaccino
13:23:50 INFO  [akka://coffee-house-system/user/coffee-house/$c] - Enjoying my 31 yummy Akkaccino
13:23:52 INFO  [akka://coffee-house-system/user/coffee-house/$b] - Enjoying my 32 yummy Akkaccino
13:23:54 INFO  [akka://coffee-house-system/user/coffee-house/$a] - Enjoying my 42 yummy Akkaccino
13:23:56 INFO  [akka://coffee-house-system/user/coffee-house/$c] - Enjoying my 32 yummy Akkaccino
13:23:58 INFO  [akka://coffee-house-system/user/coffee-house/$b] - Enjoying my 33 yummy Akkaccino
13:24:00 INFO  [akka://coffee-house-system/user/coffee-house/$a] - Enjoying my 43 yummy Akkaccino
13:24:02 INFO  [akka://coffee-house-system/user/coffee-house/$c] - Enjoying my 33 yummy Akkaccino
13:24:04 INFO  [akka://coffee-house-system/user/coffee-house/$b] - Enjoying my 34 yummy Akkaccino
13:24:06 INFO  [akka://coffee-house-system/user/coffee-house/$a] - Enjoying my 44 yummy Akkaccino
13:24:08 INFO  [akka://coffee-house-system/user/coffee-house/$c] - Enjoying my 34 yummy Akkaccino
13:24:10 INFO  [akka://coffee-house-system/user/coffee-house/$b] - Enjoying my 35 yummy Akkaccino
13:24:12 INFO  [akka://coffee-house-system/user/coffee-house/$a] - Enjoying my 45 yummy Akkaccino
13:24:14 INFO  [akka://coffee-house-system/user/coffee-house/$c] - Enjoying my 35 yummy Akkaccino
13:24:16 INFO  [akka://coffee-house-system/user/coffee-house/$b] - Enjoying my 36 yummy Akkaccino
13:24:18 INFO  [akka://coffee-house-system/user/coffee-house/$a] - Enjoying my 46 yummy Akkaccino
13:24:20 INFO  [akka://coffee-house-system/user/coffee-house/$c] - Enjoying my 36 yummy Akkaccino
13:24:22 INFO  [akka://coffee-house-system/user/coffee-house/$b] - Enjoying my 37 yummy Akkaccino
13:24:24 INFO  [akka://coffee-house-system/user/coffee-house/$a] - Enjoying my 47 yummy Akkaccino
13:24:26 INFO  [akka://coffee-house-system/user/coffee-house/$c] - Enjoying my 37 yummy Akkaccino
13:24:28 INFO  [akka://coffee-house-system/user/coffee-house/$b] - Enjoying my 38 yummy Akkaccino
13:24:30 INFO  [akka://coffee-house-system/user/coffee-house/$a] - Enjoying my 48 yummy Akkaccino
13:24:32 INFO  [akka://coffee-house-system/user/coffee-house/$c] - Enjoying my 38 yummy Akkaccino
13:24:34 INFO  [akka://coffee-house-system/user/coffee-house/$b] - Enjoying my 39 yummy Akkaccino
13:24:36 INFO  [akka://coffee-house-system/user/coffee-house/$a] - Enjoying my 49 yummy Akkaccino
13:24:38 INFO  [akka://coffee-house-system/user/coffee-house/$c] - Enjoying my 39 yummy Akkaccino
13:24:40 INFO  [akka://coffee-house-system/user/coffee-house/$b] - Enjoying my 40 yummy Akkaccino
13:24:42 INFO  [akka://coffee-house-system/user/coffee-house/$a] - Enjoying my 50 yummy Akkaccino
13:24:44 INFO  [akka://coffee-house-system/user/coffee-house/$c] - Enjoying my 40 yummy Akkaccino
13:24:46 INFO  [akka://coffee-house-system/user/coffee-house/$b] - Enjoying my 41 yummy Akkaccino
13:24:48 INFO  [akka://coffee-house-system/user/coffee-house/$a] - Enjoying my 51 yummy Akkaccino
13:24:50 INFO  [akka://coffee-house-system/user/coffee-house/$c] - Enjoying my 41 yummy Akkaccino
13:24:52 INFO  [akka://coffee-house-system/user/coffee-house/$b] - Enjoying my 42 yummy Akkaccino
13:24:54 INFO  [akka://coffee-house-system/user/coffee-house/$a] - Enjoying my 52 yummy Akkaccino
13:24:56 INFO  [akka://coffee-house-system/user/coffee-house/$c] - Enjoying my 42 yummy Akkaccino
13:24:58 INFO  [akka://coffee-house-system/user/coffee-house/$b] - Enjoying my 43 yummy Akkaccino
13:25:00 INFO  [akka://coffee-house-system/user/coffee-house/$a] - Enjoying my 53 yummy Akkaccino
13:25:02 INFO  [akka://coffee-house-system/user/coffee-house/$c] - Enjoying my 43 yummy Akkaccino
13:25:04 INFO  [akka://coffee-house-system/user/coffee-house/$b] - Enjoying my 44 yummy Akkaccino
13:25:06 INFO  [akka://coffee-house-system/user/coffee-house/$a] - Enjoying my 54 yummy Akkaccino
13:25:08 INFO  [akka://coffee-house-system/user/coffee-house/$c] - Enjoying my 44 yummy Akkaccino
13:25:10 INFO  [akka://coffee-house-system/user/coffee-house/$b] - Enjoying my 45 yummy Akkaccino
13:25:12 INFO  [akka://coffee-house-system/user/coffee-house/$a] - Enjoying my 55 yummy Akkaccino
13:25:14 INFO  [akka://coffee-house-system/user/coffee-house/$c] - Enjoying my 45 yummy Akkaccino
13:25:16 INFO  [akka://coffee-house-system/user/coffee-house/$b] - Enjoying my 46 yummy Akkaccino
13:25:18 INFO  [akka://coffee-house-system/user/coffee-house/$a] - Enjoying my 56 yummy Akkaccino
13:25:20 INFO  [akka://coffee-house-system/user/coffee-house/$c] - Enjoying my 46 yummy Akkaccino
13:25:22 INFO  [akka://coffee-house-system/user/coffee-house/$b] - Enjoying my 47 yummy Akkaccino
13:25:24 INFO  [akka://coffee-house-system/user/coffee-house/$a] - Enjoying my 57 yummy Akkaccino
13:25:26 INFO  [akka://coffee-house-system/user/coffee-house/$c] - Enjoying my 47 yummy Akkaccino
13:25:28 INFO  [akka://coffee-house-system/user/coffee-house/$b] - Enjoying my 48 yummy Akkaccino
13:25:30 INFO  [akka://coffee-house-system/user/coffee-house/$a] - Enjoying my 58 yummy Akkaccino
13:25:32 INFO  [akka://coffee-house-system/user/coffee-house/$c] - Enjoying my 48 yummy Akkaccino
13:25:34 INFO  [akka://coffee-house-system/user/coffee-house/$b] - Enjoying my 49 yummy Akkaccino
13:25:36 INFO  [akka://coffee-house-system/user/coffee-house/$a] - Enjoying my 59 yummy Akkaccino
13:25:38 INFO  [akka://coffee-house-system/user/coffee-house/$c] - Enjoying my 49 yummy Akkaccino
13:25:40 INFO  [akka://coffee-house-system/user/coffee-house/$b] - Enjoying my 50 yummy Akkaccino
13:25:42 INFO  [akka://coffee-house-system/user/coffee-house/$a] - Enjoying my 60 yummy Akkaccino
13:25:44 INFO  [akka://coffee-house-system/user/coffee-house/$c] - Enjoying my 50 yummy Akkaccino
13:25:46 INFO  [akka://coffee-house-system/user/coffee-house/$b] - Enjoying my 51 yummy Akkaccino
13:25:48 INFO  [akka://coffee-house-system/user/coffee-house/$a] - Enjoying my 61 yummy Akkaccino
13:25:50 INFO  [akka://coffee-house-system/user/coffee-house/$c] - Enjoying my 51 yummy Akkaccino
13:25:52 INFO  [akka://coffee-house-system/user/coffee-house/$b] - Enjoying my 52 yummy Akkaccino
13:25:54 INFO  [akka://coffee-house-system/user/coffee-house/$a] - Enjoying my 62 yummy Akkaccino
13:25:56 INFO  [akka://coffee-house-system/user/coffee-house/$c] - Enjoying my 52 yummy Akkaccino
13:25:58 INFO  [akka://coffee-house-system/user/coffee-house/$b] - Enjoying my 53 yummy Akkaccino
13:26:00 INFO  [akka://coffee-house-system/user/coffee-house/$a] - Enjoying my 63 yummy Akkaccino
13:26:02 INFO  [akka://coffee-house-system/user/coffee-house/$c] - Enjoying my 53 yummy Akkaccino
13:26:04 INFO  [akka://coffee-house-system/user/coffee-house/$b] - Enjoying my 54 yummy Akkaccino
13:26:06 INFO  [akka://coffee-house-system/user/coffee-house/$a] - Enjoying my 64 yummy Akkaccino
13:26:08 INFO  [akka://coffee-house-system/user/coffee-house/$c] - Enjoying my 54 yummy Akkaccino
13:26:10 INFO  [akka://coffee-house-system/user/coffee-house/$b] - Enjoying my 55 yummy Akkaccino
13:26:12 INFO  [akka://coffee-house-system/user/coffee-house/$a] - Enjoying my 65 yummy Akkaccino
13:26:14 INFO  [akka://coffee-house-system/user/coffee-house/$c] - Enjoying my 55 yummy Akkaccino
13:26:16 INFO  [akka://coffee-house-system/user/coffee-house/$b] - Enjoying my 56 yummy Akkaccino
13:26:18 INFO  [akka://coffee-house-system/user/coffee-house/$a] - Enjoying my 66 yummy Akkaccino
13:26:20 INFO  [akka://coffee-house-system/user/coffee-house/$c] - Enjoying my 56 yummy Akkaccino
13:26:22 INFO  [akka://coffee-house-system/user/coffee-house/$b] - Enjoying my 57 yummy Akkaccino
13:26:24 INFO  [akka://coffee-house-system/user/coffee-house/$a] - Enjoying my 67 yummy Akkaccino
13:26:26 INFO  [akka://coffee-house-system/user/coffee-house/$c] - Enjoying my 57 yummy Akkaccino
13:26:28 INFO  [akka://coffee-house-system/user/coffee-house/$b] - Enjoying my 58 yummy Akkaccino
13:26:30 INFO  [akka://coffee-house-system/user/coffee-house/$a] - Enjoying my 68 yummy Akkaccino
13:26:32 INFO  [akka://coffee-house-system/user/coffee-house/$c] - Enjoying my 58 yummy Akkaccino
13:26:34 INFO  [akka://coffee-house-system/user/coffee-house/$b] - Enjoying my 59 yummy Akkaccino
13:26:36 INFO  [akka://coffee-house-system/user/coffee-house/$a] - Enjoying my 69 yummy Akkaccino
13:26:38 INFO  [akka://coffee-house-system/user/coffee-house/$c] - Enjoying my 59 yummy Akkaccino
13:26:40 INFO  [akka://coffee-house-system/user/coffee-house/$b] - Enjoying my 60 yummy Akkaccino
13:26:42 INFO  [akka://coffee-house-system/user/coffee-house/$a] - Enjoying my 70 yummy Akkaccino
13:26:44 INFO  [akka://coffee-house-system/user/coffee-house/$c] - Enjoying my 60 yummy Akkaccino
13:26:46 INFO  [akka://coffee-house-system/user/coffee-house/$b] - Enjoying my 61 yummy Akkaccino
13:26:48 INFO  [akka://coffee-house-system/user/coffee-house/$a] - Enjoying my 71 yummy Akkaccino
13:26:50 INFO  [akka://coffee-house-system/user/coffee-house/$c] - Enjoying my 61 yummy Akkaccino
13:26:52 INFO  [akka://coffee-house-system/user/coffee-house/$b] - Enjoying my 62 yummy Akkaccino
13:26:54 INFO  [akka://coffee-house-system/user/coffee-house/$a] - Enjoying my 72 yummy Akkaccino
13:26:56 INFO  [akka://coffee-house-system/user/coffee-house/$c] - Enjoying my 62 yummy Akkaccino
13:26:58 INFO  [akka://coffee-house-system/user/coffee-house/$b] - Enjoying my 63 yummy Akkaccino
13:27:00 INFO  [akka://coffee-house-system/user/coffee-house/$a] - Enjoying my 73 yummy Akkaccino
13:27:02 INFO  [akka://coffee-house-system/user/coffee-house/$c] - Enjoying my 63 yummy Akkaccino
13:27:04 INFO  [akka://coffee-house-system/user/coffee-house/$b] - Enjoying my 64 yummy Akkaccino
13:27:06 INFO  [akka://coffee-house-system/user/coffee-house/$a] - Enjoying my 74 yummy Akkaccino
13:27:08 INFO  [akka://coffee-house-system/user/coffee-house/$c] - Enjoying my 64 yummy Akkaccino
13:27:10 INFO  [akka://coffee-house-system/user/coffee-house/$b] - Enjoying my 65 yummy Akkaccino
13:27:12 INFO  [akka://coffee-house-system/user/coffee-house/$a] - Enjoying my 75 yummy Akkaccino
13:27:14 INFO  [akka://coffee-house-system/user/coffee-house/$c] - Enjoying my 65 yummy Akkaccino
13:27:16 INFO  [akka://coffee-house-system/user/coffee-house/$b] - Enjoying my 66 yummy Akkaccino
13:27:18 INFO  [akka://coffee-house-system/user/coffee-house/$a] - Enjoying my 76 yummy Akkaccino
13:27:20 INFO  [akka://coffee-house-system/user/coffee-house/$c] - Enjoying my 66 yummy Akkaccino
13:27:22 INFO  [akka://coffee-house-system/user/coffee-house/$b] - Enjoying my 67 yummy Akkaccino
13:27:24 INFO  [akka://coffee-house-system/user/coffee-house/$a] - Enjoying my 77 yummy Akkaccino
13:27:26 INFO  [akka://coffee-house-system/user/coffee-house/$c] - Enjoying my 67 yummy Akkaccino
13:27:28 INFO  [akka://coffee-house-system/user/coffee-house/$b] - Enjoying my 68 yummy Akkaccino
13:27:30 INFO  [akka://coffee-house-system/user/coffee-house/$a] - Enjoying my 78 yummy Akkaccino
13:27:32 INFO  [akka://coffee-house-system/user/coffee-house/$c] - Enjoying my 68 yummy Akkaccino
13:27:34 INFO  [akka://coffee-house-system/user/coffee-house/$b] - Enjoying my 69 yummy Akkaccino
13:27:36 INFO  [akka://coffee-house-system/user/coffee-house/$a] - Enjoying my 79 yummy Akkaccino
13:27:38 INFO  [akka://coffee-house-system/user/coffee-house/$c] - Enjoying my 69 yummy Akkaccino
13:27:40 INFO  [akka://coffee-house-system/user/coffee-house/$b] - Enjoying my 70 yummy Akkaccino
13:27:42 INFO  [akka://coffee-house-system/user/coffee-house/$a] - Enjoying my 80 yummy Akkaccino
13:27:44 INFO  [akka://coffee-house-system/user/coffee-house/$c] - Enjoying my 70 yummy Akkaccino
13:27:46 INFO  [akka://coffee-house-system/user/coffee-house/$b] - Enjoying my 71 yummy Akkaccino
13:27:48 INFO  [akka://coffee-house-system/user/coffee-house/$a] - Enjoying my 81 yummy Akkaccino
13:27:50 INFO  [akka://coffee-house-system/user/coffee-house/$c] - Enjoying my 71 yummy Akkaccino
13:27:52 INFO  [akka://coffee-house-system/user/coffee-house/$b] - Enjoying my 72 yummy Akkaccino
13:27:54 INFO  [akka://coffee-house-system/user/coffee-house/$a] - Enjoying my 82 yummy Akkaccino
13:27:56 INFO  [akka://coffee-house-system/user/coffee-house/$c] - Enjoying my 72 yummy Akkaccino
13:27:58 INFO  [akka://coffee-house-system/user/coffee-house/$b] - Enjoying my 73 yummy Akkaccino
13:28:00 INFO  [akka://coffee-house-system/user/coffee-house/$a] - Enjoying my 83 yummy Akkaccino
13:28:02 INFO  [akka://coffee-house-system/user/coffee-house/$c] - Enjoying my 73 yummy Akkaccino
13:28:04 INFO  [akka://coffee-house-system/user/coffee-house/$b] - Enjoying my 74 yummy Akkaccino
13:28:06 INFO  [akka://coffee-house-system/user/coffee-house/$a] - Enjoying my 84 yummy Akkaccino
13:28:08 INFO  [akka://coffee-house-system/user/coffee-house/$c] - Enjoying my 74 yummy Akkaccino
13:28:10 INFO  [akka://coffee-house-system/user/coffee-house/$b] - Enjoying my 75 yummy Akkaccino
13:28:12 INFO  [akka://coffee-house-system/user/coffee-house/$a] - Enjoying my 85 yummy Akkaccino
13:28:14 INFO  [akka://coffee-house-system/user/coffee-house/$c] - Enjoying my 75 yummy Akkaccino
13:28:16 INFO  [akka://coffee-house-system/user/coffee-house/$b] - Enjoying my 76 yummy Akkaccino
13:28:18 INFO  [akka://coffee-house-system/user/coffee-house/$a] - Enjoying my 86 yummy Akkaccino
13:28:20 INFO  [akka://coffee-house-system/user/coffee-house/$c] - Enjoying my 76 yummy Akkaccino
13:28:22 INFO  [akka://coffee-house-system/user/coffee-house/$b] - Enjoying my 77 yummy Akkaccino
13:28:24 INFO  [akka://coffee-house-system/user/coffee-house/$a] - Enjoying my 87 yummy Akkaccino
13:28:26 INFO  [akka://coffee-house-system/user/coffee-house/$c] - Enjoying my 77 yummy Akkaccino
13:28:28 INFO  [akka://coffee-house-system/user/coffee-house/$b] - Enjoying my 78 yummy Akkaccino
13:28:30 INFO  [akka://coffee-house-system/user/coffee-house/$a] - Enjoying my 88 yummy Akkaccino
13:28:32 INFO  [akka://coffee-house-system/user/coffee-house/$c] - Enjoying my 78 yummy Akkaccino
13:28:34 INFO  [akka://coffee-house-system/user/coffee-house/$b] - Enjoying my 79 yummy Akkaccino
13:28:36 INFO  [akka://coffee-house-system/user/coffee-house/$a] - Enjoying my 89 yummy Akkaccino
13:28:38 INFO  [akka://coffee-house-system/user/coffee-house/$c] - Enjoying my 79 yummy Akkaccino
13:28:40 INFO  [akka://coffee-house-system/user/coffee-house/$b] - Enjoying my 80 yummy Akkaccino
13:28:42 INFO  [akka://coffee-house-system/user/coffee-house/$a] - Enjoying my 90 yummy Akkaccino
13:28:44 INFO  [akka://coffee-house-system/user/coffee-house/$c] - Enjoying my 80 yummy Akkaccino
13:28:46 INFO  [akka://coffee-house-system/user/coffee-house/$b] - Enjoying my 81 yummy Akkaccino
13:28:48 INFO  [akka://coffee-house-system/user/coffee-house/$a] - Enjoying my 91 yummy Akkaccino
13:28:50 INFO  [akka://coffee-house-system/user/coffee-house/$c] - Enjoying my 81 yummy Akkaccino
13:28:52 INFO  [akka://coffee-house-system/user/coffee-house/$b] - Enjoying my 82 yummy Akkaccino
13:28:54 INFO  [akka://coffee-house-system/user/coffee-house/$a] - Enjoying my 92 yummy Akkaccino
13:28:56 INFO  [akka://coffee-house-system/user/coffee-house/$c] - Enjoying my 82 yummy Akkaccino
13:28:58 INFO  [akka://coffee-house-system/user/coffee-house/$b] - Enjoying my 83 yummy Akkaccino
13:29:00 INFO  [akka://coffee-house-system/user/coffee-house/$a] - Enjoying my 93 yummy Akkaccino
13:29:02 INFO  [akka://coffee-house-system/user/coffee-house/$c] - Enjoying my 83 yummy Akkaccino
13:29:04 INFO  [akka://coffee-house-system/user/coffee-house/$b] - Enjoying my 84 yummy Akkaccino
13:29:06 INFO  [akka://coffee-house-system/user/coffee-house/$a] - Enjoying my 94 yummy Akkaccino
13:29:08 INFO  [akka://coffee-house-system/user/coffee-house/$c] - Enjoying my 84 yummy Akkaccino
13:29:10 INFO  [akka://coffee-house-system/user/coffee-house/$b] - Enjoying my 85 yummy Akkaccino
13:29:12 INFO  [akka://coffee-house-system/user/coffee-house/$a] - Enjoying my 95 yummy Akkaccino
13:29:14 INFO  [akka://coffee-house-system/user/coffee-house/$c] - Enjoying my 85 yummy Akkaccino
13:29:16 INFO  [akka://coffee-house-system/user/coffee-house/$b] - Enjoying my 86 yummy Akkaccino
13:29:18 INFO  [akka://coffee-house-system/user/coffee-house/$a] - Enjoying my 96 yummy Akkaccino
13:29:20 INFO  [akka://coffee-house-system/user/coffee-house/$c] - Enjoying my 86 yummy Akkaccino
13:29:22 INFO  [akka://coffee-house-system/user/coffee-house/$b] - Enjoying my 87 yummy Akkaccino
13:29:24 INFO  [akka://coffee-house-system/user/coffee-house/$a] - Enjoying my 97 yummy Akkaccino
13:29:26 INFO  [akka://coffee-house-system/user/coffee-house/$c] - Enjoying my 87 yummy Akkaccino
13:29:28 INFO  [akka://coffee-house-system/user/coffee-house/$b] - Enjoying my 88 yummy Akkaccino
13:29:30 INFO  [akka://coffee-house-system/user/coffee-house/$a] - Enjoying my 98 yummy Akkaccino
13:29:32 INFO  [akka://coffee-house-system/user/coffee-house/$c] - Enjoying my 88 yummy Akkaccino
13:29:34 INFO  [akka://coffee-house-system/user/coffee-house/$b] - Enjoying my 89 yummy Akkaccino
13:29:36 INFO  [akka://coffee-house-system/user/coffee-house/$a] - Enjoying my 99 yummy Akkaccino
13:29:38 INFO  [akka://coffee-house-system/user/coffee-house/$c] - Enjoying my 89 yummy Akkaccino
13:29:40 INFO  [akka://coffee-house-system/user/coffee-house/$b] - Enjoying my 90 yummy Akkaccino
13:29:42 INFO  [akka://coffee-house-system/user/coffee-house/$a] - Enjoying my 100 yummy Akkaccino
13:29:44 INFO  [akka://coffee-house-system/user/coffee-house/$c] - Enjoying my 90 yummy Akkaccino
13:29:46 INFO  [akka://coffee-house-system/user/coffee-house/$b] - Enjoying my 91 yummy Akkaccino
13:29:48 INFO  [akka://coffee-house-system/user/coffee-house/$a] - Enjoying my 101 yummy Akkaccino
13:29:50 INFO  [akka://coffee-house-system/user/coffee-house/$c] - Enjoying my 91 yummy Akkaccino
13:29:52 INFO  [akka://coffee-house-system/user/coffee-house/$b] - Enjoying my 92 yummy Akkaccino
13:29:54 INFO  [akka://coffee-house-system/user/coffee-house/$a] - Enjoying my 102 yummy Akkaccino
13:29:56 INFO  [akka://coffee-house-system/user/coffee-house/$c] - Enjoying my 92 yummy Akkaccino
13:29:58 INFO  [akka://coffee-house-system/user/coffee-house/$b] - Enjoying my 93 yummy Akkaccino
13:30:00 INFO  [akka://coffee-house-system/user/coffee-house/$a] - Enjoying my 103 yummy Akkaccino
13:42:02 DEBUG [akka://coffee-house-system/user/coffee-house] - CoffeeHouse Open
13:42:02 WARN  [com.lightbend.training.coffeehouse.CoffeeHouseApp(akka://coffee-house-system)] - CoffeeHouseApp running
Enter [34mcommands[0m into the terminal: [34m[e.g. `q` or `quit`][0m
13:42:05 INFO  [akka://coffee-house-system/user/coffee-house] - Guest Actor[akka://coffee-house-system/user/coffee-house/$a#1372772119] added to guest book
13:42:05 INFO  [akka://coffee-house-system/user/coffee-house] - Sorry, Actor[akka://coffee-house-system/user/coffee-house/$a#1372772119], but you have reached your limit
13:42:05 INFO  [akka://coffee-house-system/user/coffee-house/$a] - Goodbye
13:47:33 DEBUG [akka://coffee-house-system/user/coffee-house] - CoffeeHouse Open
13:47:33 WARN  [com.lightbend.training.coffeehouse.CoffeeHouseApp(akka://coffee-house-system)] - CoffeeHouseApp running
Enter [34mcommands[0m into the terminal: [34m[e.g. `q` or `quit`][0m
13:47:36 INFO  [akka://coffee-house-system/user/coffee-house] - Guest Actor[akka://coffee-house-system/user/coffee-house/$a#-106511665] added to guest book
13:47:36 INFO  [akka://coffee-house-system/user/coffee-house] - Sorry, Actor[akka://coffee-house-system/user/coffee-house/$a#-106511665], but you have reached your limit
13:47:36 INFO  [akka://coffee-house-system/user/coffee-house/$a] - Goodbye
13:47:36 INFO  [akka://coffee-house-system/user/coffee-house] - Thanks, Actor[akka://coffee-house-system/user/coffee-house/$a#-106511665], for being our guest.
14:07:59 DEBUG [akka://coffee-house-system/user/coffee-house] - CoffeeHouse Open
14:07:59 WARN  [com.lightbend.training.coffeehouse.CoffeeHouseApp(akka://coffee-house-system)] - CoffeeHouseApp running
Enter [34mcommands[0m into the terminal: [34m[e.g. `q` or `quit`][0m
14:08:19 INFO  [akka://coffee-house-system/user/coffee-house] - Guest Actor[akka://coffee-house-system/user/coffee-house/$a#1671914021] added to guest book
14:08:19 INFO  [akka://coffee-house-system/user/coffee-house] - Sorry, Actor[akka://coffee-house-system/user/coffee-house/$a#1671914021], but you have reached your limit
14:08:19 INFO  [akka://coffee-house-system/user/coffee-house/$a] - Goodbye
14:08:19 INFO  [akka://coffee-house-system/user/coffee-house] - Thanks, Actor[akka://coffee-house-system/user/coffee-house/$a#1671914021], for being our guest.
14:08:48 INFO  [akka://coffee-house-system/user/coffee-house] - Guest Actor[akka://coffee-house-system/user/coffee-house/$b#-1231351952] added to guest book
14:08:48 INFO  [akka://coffee-house-system/user/coffee-house] - Sorry, Actor[akka://coffee-house-system/user/coffee-house/$b#-1231351952], but you have reached your limit
14:08:48 INFO  [akka://coffee-house-system/user/coffee-house/$b] - Goodbye
14:08:48 INFO  [akka://coffee-house-system/user/coffee-house] - Thanks, Actor[akka://coffee-house-system/user/coffee-house/$b#-1231351952], for being our guest.
